c:\users\admin\documents\visual studio 2015\projects\engine\engine\x64\debug\vc140.pdb
c:\users\admin\documents\visual studio 2015\projects\engine\engine\x64\debug\vc140.idb
c:\users\admin\documents\visual studio 2015\projects\engine\engine\x64\debug\graphicsclass.obj
c:\users\admin\documents\visual studio 2015\projects\engine\engine\x64\debug\inputclass.obj
c:\users\admin\documents\visual studio 2015\projects\engine\engine\x64\debug\main.obj
c:\users\admin\documents\visual studio 2015\projects\engine\engine\x64\debug\systemclass.obj
c:\users\admin\documents\visual studio 2015\projects\engine\engine\x64\debug\d3dclass.obj
c:\users\admin\documents\visual studio 2015\projects\engine\x64\debug\engine.ilk
c:\users\admin\documents\visual studio 2015\projects\engine\x64\debug\engine.exe
c:\users\admin\documents\visual studio 2015\projects\engine\x64\debug\engine.pdb
c:\users\admin\desktop\engine\engine\x64\debug\d3dclass.obj
c:\users\admin\desktop\engine\engine\x64\debug\graphicsclass.obj
c:\users\admin\desktop\engine\engine\x64\debug\inputclass.obj
c:\users\admin\desktop\engine\engine\x64\debug\main.obj
c:\users\admin\desktop\engine\engine\x64\debug\systemclass.obj
c:\users\admin\desktop\engine\engine\x64\debug\vc140.idb
c:\users\admin\desktop\engine\engine\x64\debug\vc140.pdb
c:\users\admin\desktop\engine\x64\debug\engine.pdb
c:\users\admin\desktop\engine\x64\debug\engine.exe
c:\users\admin\desktop\engine\x64\debug\engine.ilk
c:\users\admin\desktop\engine\engine\x64\debug\engine.tlog\cl.command.1.tlog
c:\users\admin\desktop\engine\engine\x64\debug\engine.tlog\cl.read.1.tlog
c:\users\admin\desktop\engine\engine\x64\debug\engine.tlog\cl.write.1.tlog
c:\users\admin\desktop\engine\engine\x64\debug\engine.tlog\link.command.1.tlog
c:\users\admin\desktop\engine\engine\x64\debug\engine.tlog\link.read.1.tlog
c:\users\admin\desktop\engine\engine\x64\debug\engine.tlog\link.write.1.tlog
